<?xml version="1.0" encoding="UTF-8"?>
<!-- Generated by org.testng.reporters.JUnitReportReporter -->
<testsuite hostname="LAPTOP-5R5RPGKE" name="framework.TestRunner" tests="1" failures="0" timestamp="1 Apr 2022 02:48:30 GMT" time="88.959" errors="0">
  <testcase name="run_cukes" time="88.959" classname="framework.TestRunner"/>
</testsuite> <!-- framework.TestRunner -->
